<?xml version="1.0" encoding="UTF-8"?>
<!-- Generated by org.testng.reporters.JUnitReportReporter -->
<testsuite hostname="DESKTOP-IGKLUGB" failures="0" tests="4" name="com.ninja.qa.TestPages.HomePageTest" time="30.278" errors="0" timestamp="2023-10-11T15:04:15 IST" skipped="0">
  <testcase classname="com.ninja.qa.TestPages.HomePageTest" name="testTitle" time="5.417"/>
  <system-out/>
  <testcase classname="com.ninja.qa.TestPages.HomePageTest" name="testRegisterLink" time="5.972"/>
  <system-out/>
  <testcase classname="com.ninja.qa.TestPages.HomePageTest" name="testLoginLink" time="6.421"/>
  <system-out/>
  <testcase classname="com.ninja.qa.TestPages.HomePageTest" name="testMacLink" time="12.468"/>
  <system-out/>
</testsuite> <!-- com.ninja.qa.TestPages.HomePageTest -->
