<?xml version="1.0" encoding="UTF-8"?>
<!-- Generated by org.testng.reporters.JUnitReportReporter -->
<testsuite hostname="DESKTOP-IGKLUGB" failures="0" tests="7" name="TestScenario1.Sample1" time="0.060" errors="0" timestamp="2023-10-05T12:51:55 IST" skipped="0">
  <testcase classname="TestScenario1.Sample1" name="openapp" time="0.016"/>
  <system-out/>
  <testcase classname="TestScenario1.Sample1" name="openapp" time="0.005"/>
  <system-out/>
  <testcase classname="TestScenario1.Sample1" name="loginSample1" time="0.004"/>
  <system-out/>
  <testcase classname="TestScenario1.Sample1" name="loginwithInvaliddata" time="0.003"/>
  <system-out/>
  <testcase classname="TestScenario1.Sample1" name="loginwithInvaliddata" time="0.016"/>
  <system-out/>
  <testcase classname="TestScenario1.Sample1" name="loginwithWrongpassword" time="0.004"/>
  <system-out/>
  <testcase classname="TestScenario1.Sample1" name="loginwithWrongpassword" time="0.012"/>
  <system-out/>
</testsuite> <!-- TestScenario1.Sample1 -->
