<?xml version="1.0" encoding="UTF-8"?>
<!-- Generated by org.testng.reporters.JUnitReportReporter -->
<testsuite hostname="DESKTOP-IGKLUGB" failures="0" tests="3" name="com.app.TestNGScripts.BeforeAftermethodAnnoatation" time="23.703" errors="0" timestamp="2023-10-05T13:22:48 IST" skipped="0">
  <testcase classname="com.app.TestNGScripts.BeforeAftermethodAnnoatation" name="GetTitle" time="7.979"/>
  <system-out/>
  <testcase classname="com.app.TestNGScripts.BeforeAftermethodAnnoatation" name="login" time="6.780"/>
  <system-out/>
  <testcase classname="com.app.TestNGScripts.BeforeAftermethodAnnoatation" name="logout" time="8.944"/>
  <system-out/>
</testsuite> <!-- com.app.TestNGScripts.BeforeAftermethodAnnoatation -->
