<?xml version="1.0" encoding="UTF-8"?>
<!-- Generated by org.testng.reporters.JUnitReportReporter -->
<testsuite hostname="DESKTOP-IGKLUGB" failures="0" tests="4" name="com.app.TestNGScripts.Paralleltest" time="27.570" errors="0" timestamp="2023-10-06T10:23:38 IST" skipped="0">
  <testcase classname="com.app.TestNGScripts.Paralleltest" name="ninjaPage2" time="5.464"/>
  <system-out/>
  <testcase classname="com.app.TestNGScripts.Paralleltest" name="wikiPage" time="6.069"/>
  <system-out/>
  <testcase classname="com.app.TestNGScripts.Paralleltest" name="ninjaPage" time="9.565"/>
  <system-out/>
  <testcase classname="com.app.TestNGScripts.Paralleltest" name="wikiPage2" time="6.472"/>
  <system-out/>
</testsuite> <!-- com.app.TestNGScripts.Paralleltest -->
