<?xml version="1.0" encoding="UTF-8"?>
<!-- Generated by org.testng.reporters.JUnitReportReporter -->
<testsuite hostname="DESKTOP-IGKLUGB" failures="0" tests="8" name="TestScenario1.Sample2" time="0.050" errors="0" timestamp="2023-10-05T12:51:55 IST" skipped="0">
  <testcase classname="TestScenario1.Sample2" name="opentheAccountPage" time="0.004"/>
  <system-out/>
  <testcase classname="TestScenario1.Sample2" name="opentheAccountPage" time="0.013"/>
  <system-out/>
  <testcase classname="TestScenario1.Sample2" name="login" time="0.001"/>
  <system-out/>
  <testcase classname="TestScenario1.Sample2" name="Accounts" time="0.005"/>
  <system-out/>
  <testcase classname="TestScenario1.Sample2" name="createAccount" time="0.009"/>
  <system-out/>
  <testcase classname="TestScenario1.Sample2" name="createAccount" time="0.007"/>
  <system-out/>
  <testcase classname="TestScenario1.Sample2" name="Logout" time="0.007"/>
  <system-out/>
  <testcase classname="TestScenario1.Sample2" name="Logout" time="0.004"/>
  <system-out/>
</testsuite> <!-- TestScenario1.Sample2 -->
