<?xml version="1.0" encoding="UTF-8"?>
<!-- Generated by org.testng.reporters.JUnitReportReporter -->
<testsuite hostname="DESKTOP-IGKLUGB" failures="0" tests="1" name="com.app.TestNG.Extentreports.SetUpCheck" time="2.335" errors="0" timestamp="2023-10-09T08:22:40 IST" skipped="0">
  <testcase classname="com.app.TestNG.Extentreports.SetUpCheck" name="extentDemo2" time="2.335"/>
  <system-out/>
</testsuite> <!-- com.app.TestNG.Extentreports.SetUpCheck -->
