<?xml version="1.0" encoding="UTF-8"?>
<!-- Generated by org.testng.reporters.JUnitReportReporter -->
<testsuite hostname="DESKTOP-IGKLUGB" failures="0" tests="1" name="com.app.TestNGScripts.TestAnnotation" time="11.584" errors="0" timestamp="2023-10-05T12:10:55 IST" skipped="0">
  <testcase classname="com.app.TestNGScripts.TestAnnotation" name="login" time="11.584"/>
  <system-out/>
</testsuite> <!-- com.app.TestNGScripts.TestAnnotation -->
