<?xml version="1.0" encoding="UTF-8"?>
<!-- Generated by org.testng.reporters.JUnitReportReporter -->
<testsuite hostname="DESKTOP-IGKLUGB" failures="0" tests="5" name="com.app.TestNG.DataDrivenTesting.WikiCreateAccount" time="14.539" errors="0" timestamp="2023-10-10T15:40:42 IST" skipped="0">
  <testcase classname="com.app.TestNG.DataDrivenTesting.WikiCreateAccount" name="CreateAccount" time="2.893"/>
  <system-out/>
  <testcase classname="com.app.TestNG.DataDrivenTesting.WikiCreateAccount" name="CreateAccount" time="2.987"/>
  <system-out/>
  <testcase classname="com.app.TestNG.DataDrivenTesting.WikiCreateAccount" name="CreateAccount" time="2.881"/>
  <system-out/>
  <testcase classname="com.app.TestNG.DataDrivenTesting.WikiCreateAccount" name="CreateAccount" time="2.909"/>
  <system-out/>
  <testcase classname="com.app.TestNG.DataDrivenTesting.WikiCreateAccount" name="CreateAccount" time="2.869"/>
  <system-out/>
</testsuite> <!-- com.app.TestNG.DataDrivenTesting.WikiCreateAccount -->
