<?xml version="1.0" encoding="UTF-8"?>
<!-- Generated by org.testng.reporters.JUnitReportReporter -->
<testsuite hostname="DESKTOP-IGKLUGB" failures="0" tests="2" name="TestScenario1.Sample3" time="3.213" errors="0" timestamp="2023-10-05T12:49:32 IST" skipped="1">
  <testcase classname="TestScenario1.Sample3" name="login" time="3.213"/>
  <system-out/>
  <testcase classname="TestScenario1.Sample3" name="GetTitle">
    <skipped/>
  </testcase> <!-- GetTitle -->
  <system-out/>
</testsuite> <!-- TestScenario1.Sample3 -->
