<?xml version="1.0" encoding="UTF-8"?>
<!-- Generated by org.testng.reporters.JUnitReportReporter -->
<testsuite hostname="DESKTOP-IGKLUGB" failures="0" tests="2" name="com.app.TestNG.DataDrivenTesting.ParamterDemo" time="2.589" errors="0" timestamp="2023-10-10T15:37:56 IST" skipped="0">
  <testcase classname="com.app.TestNG.DataDrivenTesting.ParamterDemo" name="login" time="1.296"/>
  <system-out/>
  <testcase classname="com.app.TestNG.DataDrivenTesting.ParamterDemo" name="login" time="1.293"/>
  <system-out/>
</testsuite> <!-- com.app.TestNG.DataDrivenTesting.ParamterDemo -->
