<?xml version="1.0" encoding="UTF-8"?>
<!-- Generated by org.testng.reporters.JUnitReportReporter -->
<testsuite hostname="DESKTOP-IGKLUGB" failures="0" tests="1" name="com.app.TestNG.Extentreports.ExtentReportDemo2" time="2.920" errors="0" timestamp="2023-10-06T11:36:45 IST" skipped="0">
  <testcase classname="com.app.TestNG.Extentreports.ExtentReportDemo2" name="extentDemo2" time="2.920"/>
  <system-out/>
</testsuite> <!-- com.app.TestNG.Extentreports.ExtentReportDemo2 -->
