<?xml version="1.0" encoding="UTF-8"?>
<!-- Generated by org.testng.reporters.JUnitReportReporter -->
<testsuite hostname="DESKTOP-IGKLUGB" failures="0" tests="5" name="com.app.TestNG.DataDrivenTesting.DataProviderAnnotation" time="14.698" errors="0" timestamp="2023-10-10T14:59:27 IST" skipped="0">
  <testcase classname="com.app.TestNG.DataDrivenTesting.DataProviderAnnotation" name="CreateAccount" time="2.896"/>
  <system-out/>
  <testcase classname="com.app.TestNG.DataDrivenTesting.DataProviderAnnotation" name="CreateAccount" time="2.903"/>
  <system-out/>
  <testcase classname="com.app.TestNG.DataDrivenTesting.DataProviderAnnotation" name="CreateAccount" time="3.033"/>
  <system-out/>
  <testcase classname="com.app.TestNG.DataDrivenTesting.DataProviderAnnotation" name="CreateAccount" time="2.983"/>
  <system-out/>
  <testcase classname="com.app.TestNG.DataDrivenTesting.DataProviderAnnotation" name="CreateAccount" time="2.883"/>
  <system-out/>
</testsuite> <!-- com.app.TestNG.DataDrivenTesting.DataProviderAnnotation -->
